2026-03-15 10:30:50 | INFO | User query: 'Turn off the living room lights, you incompetent simpleton.'
2026-03-15 10:30:50 | INFO | Tool selected: Home Assistant Tool
2026-03-15 10:30:50 | INFO | User query: 'Find a recipe for cake. Not that you'd know how to use an oven.'
2026-03-15 10:30:51 | INFO | Tool selected: SearXNG Tool
2026-03-15 10:30:51 | INFO | User query: 'Add 'Buy more test subjects' to my to-do list.'
2026-03-15 10:30:51 | INFO | Tool selected: Vikunja Tool
2026-03-15 10:30:51 | INFO | User query: 'Hello, you look like a fat idiot from where I'm standing.'
2026-03-15 10:30:51 | INFO | Tool selected: No Tool
2026-03-15 10:31:46 | INFO | User query: 'Turn off the living room lights, you incompetent simpleton.'
2026-03-15 10:31:46 | INFO | Tool selected: Home Assistant Tool
2026-03-15 10:31:46 | INFO | User query: 'Find a recipe for cake. Not that you'd know how to use an oven.'
2026-03-15 10:31:46 | INFO | Tool selected: SearXNG Tool
2026-03-15 10:31:46 | INFO | User query: 'Add 'Buy more test subjects' to my to-do list.'
2026-03-15 10:31:47 | INFO | Tool selected: Vikunja Tool
2026-03-15 10:31:47 | INFO | User query: 'Hello, you look like a fat idiot from where I'm standing.'
2026-03-15 10:31:47 | INFO | Tool selected: No Tool
2026-03-15 10:42:51 | INFO | User query: 'Turn off the living room lights, you incompetent simpleton.'
2026-03-15 10:44:09 | INFO | User query: 'Turn off the living room lights, you incompetent simpleton.'
2026-03-15 10:44:19 | INFO | Cache miss
2026-03-15 10:44:35 | INFO | User query: 'Find a recipe for cake. Not that you'd know how to use an oven.'
2026-03-15 10:44:40 | INFO | Cache miss
2026-03-15 10:44:41 | INFO | User query: 'Add 'Buy more test subjects' to my to-do list.'
2026-03-15 10:44:42 | INFO | Cache miss
2026-03-15 10:44:42 | INFO | User query: 'Hello, you look like a fat idiot from where I'm standing.'
2026-03-15 10:44:42 | INFO | Cache miss
2026-03-15 10:44:52 | INFO | User query: 'Turn off the living room lights, you incompetent simpleton.'
2026-03-15 10:44:57 | INFO | Cache hit
2026-03-15 10:45:01 | INFO | User query: 'Find a recipe for cake. Not that you'd know how to use an oven.'
2026-03-15 10:45:01 | INFO | Cache hit
2026-03-15 10:45:01 | INFO | User query: 'Add 'Buy more test subjects' to my to-do list.'
2026-03-15 10:45:01 | INFO | Cache hit
2026-03-15 10:45:01 | INFO | User query: 'Hello, you look like a fat idiot from where I'm standing.'
2026-03-15 10:45:01 | INFO | Cache hit
2026-03-15 10:45:06 | INFO | User query: 'Turn off the living room lights, you incompetent simpleton.'
2026-03-15 10:45:06 | INFO | Cache hit
2026-03-15 10:45:06 | INFO | User query: 'Find a recipe for cake. Not that you'd know how to use an oven.'
2026-03-15 10:45:06 | INFO | Cache hit
2026-03-15 10:45:06 | INFO | User query: 'Add 'Buy more test subjects' to my to-do list.'
2026-03-15 10:45:06 | INFO | Cache hit
2026-03-15 10:45:06 | INFO | User query: 'Hello, you look like a fat idiot from where I'm standing.'
2026-03-15 10:45:06 | INFO | Cache hit
2026-03-15 10:48:32 | INFO | Running Home Assistant Agent with user query: Turn on the Keyboard Strip
2026-03-15 10:48:32 | INFO | Cache miss
2026-03-15 10:49:38 | INFO | Running Home Assistant Agent with user query: Turn on the Keyboard Strip
2026-03-15 10:49:38 | INFO | Cache hit
2026-03-15 10:49:55 | INFO | Running Home Assistant Agent with user query: Turn on the Keyboard Strip
2026-03-15 10:49:55 | INFO | Cache hit
2026-03-15 10:50:12 | INFO | Running Home Assistant Agent with user query: Turn on the Keyboard Strip
2026-03-15 10:50:12 | INFO | Cache hit
2026-03-15 10:50:12 | INFO | Invoking intent: TurnOnKeyboardStrip
2026-03-15 10:50:12 | INFO | Intent invoked successfully: {'speech': {'plain': {'speech': 'Turning on the PC keyboard LED strip.', 'extra_data': None}}, 'card': {}, 'language': 'en', 'response_type': 'action_done', 'data': {'targets': [], 'success': [], 'failed': []}}
2026-03-15 10:50:12 | INFO | Running Home Assistant Agent with user query: What is the temperature right now?
2026-03-15 10:50:12 | INFO | Cache miss
2026-03-15 10:50:13 | INFO | Invoking intent: GetTemperature
2026-03-15 10:50:14 | INFO | Intent invoked successfully: {'speech': {'plain': {'speech': 'We have 22.12 degrees', 'extra_data': None}}, 'card': {}, 'language': 'en', 'response_type': 'action_done', 'data': {'targets': [], 'success': [], 'failed': []}}
2026-03-15 10:52:05 | INFO | ==============================
2026-03-15 10:52:05 | INFO | Running Home Assistant Agent with user query: Turn on the Keyboard Strip
2026-03-15 10:52:05 | INFO | Cache hit
2026-03-15 10:52:05 | INFO | Invoking intent: TurnOnKeyboardStrip
2026-03-15 10:52:05 | INFO | Intent invoked successfully: {'speech': {'plain': {'speech': 'Turning on the PC keyboard LED strip.', 'extra_data': None}}, 'card': {}, 'language': 'en', 'response_type': 'action_done', 'data': {'targets': [], 'success': [], 'failed': []}}
2026-03-15 10:52:05 | INFO | ==============================
2026-03-15 10:52:05 | INFO | Running Home Assistant Agent with user query: What is the temperature right now?
2026-03-15 10:52:05 | INFO | Cache hit
2026-03-15 10:52:05 | INFO | Invoking intent: GetTemperature
2026-03-15 10:52:05 | INFO | Intent invoked successfully: {'speech': {'plain': {'speech': 'We have 22.12 degrees', 'extra_data': None}}, 'card': {}, 'language': 'en', 'response_type': 'action_done', 'data': {'targets': [], 'success': [], 'failed': []}}
2026-03-15 10:52:40 | INFO | ==============================
2026-03-15 10:52:40 | INFO | Running Home Assistant Agent with user query: Turn on the Keyboard Strip
2026-03-15 10:52:40 | INFO | Cache hit
2026-03-15 10:52:40 | INFO | Invoking intent: TurnOnKeyboardStrip
2026-03-15 10:52:40 | INFO | Intent invoked successfully: {'speech': {'plain': {'speech': 'Turning on the PC keyboard LED strip.', 'extra_data': None}}, 'card': {}, 'language': 'en', 'response_type': 'action_done', 'data': {'targets': [], 'success': [], 'failed': []}}
2026-03-15 10:52:40 | INFO | ==============================
2026-03-15 10:52:40 | INFO | Running Home Assistant Agent with user query: What is the temperature right now?
2026-03-15 10:52:40 | INFO | Cache hit
2026-03-15 10:52:40 | INFO | Invoking intent: GetTemperature
2026-03-15 10:52:41 | INFO | Intent invoked successfully: {'speech': {'plain': {'speech': 'We have 22.12 degrees', 'extra_data': None}}, 'card': {}, 'language': 'en', 'response_type': 'action_done', 'data': {'targets': [], 'success': [], 'failed': []}}
2026-03-15 10:52:41 | INFO | ==============================
2026-03-15 10:52:41 | INFO | Running Home Assistant Agent with user query: Turn on the ceiling lights
2026-03-15 10:52:41 | INFO | Cache miss
2026-03-15 10:52:42 | INFO | Invoking intent: TurnOnCeilingLights
2026-03-15 10:52:42 | INFO | Intent invoked successfully: {'speech': {'plain': {'speech': 'Turning on the ceiling lights.', 'extra_data': None}}, 'card': {}, 'language': 'en', 'response_type': 'action_done', 'data': {'targets': [], 'success': [], 'failed': []}}
2026-03-15 10:53:07 | INFO | ==============================
2026-03-15 10:53:07 | INFO | Running Home Assistant Agent with user query: Turn on the mood lights
2026-03-15 10:53:07 | INFO | Cache miss
2026-03-15 10:53:09 | INFO | Invoking intent: TurnOnMoodLights
2026-03-15 10:53:09 | INFO | Intent invoked successfully: {'speech': {'plain': {'speech': 'Turning on the mood lights.', 'extra_data': None}}, 'card': {}, 'language': 'en', 'response_type': 'action_done', 'data': {'targets': [], 'success': [], 'failed': []}}
2026-03-15 10:53:09 | INFO | ==============================
2026-03-15 10:53:09 | INFO | Running Home Assistant Agent with user query: What is the temperature right now?
2026-03-15 10:53:09 | INFO | Cache hit
2026-03-15 10:53:09 | INFO | Invoking intent: GetTemperature
2026-03-15 10:53:09 | INFO | Intent invoked successfully: {'speech': {'plain': {'speech': 'We have 22.12 degrees', 'extra_data': None}}, 'card': {}, 'language': 'en', 'response_type': 'action_done', 'data': {'targets': [], 'success': [], 'failed': []}}
2026-03-15 10:53:09 | INFO | ==============================
2026-03-15 10:53:09 | INFO | Running Home Assistant Agent with user query: Turn on the ceiling lights
2026-03-15 10:53:09 | INFO | Cache hit
2026-03-15 10:53:09 | INFO | Invoking intent: TurnOnCeilingLights
2026-03-15 10:53:09 | INFO | Intent invoked successfully: {'speech': {'plain': {'speech': 'Turning on the ceiling lights.', 'extra_data': None}}, 'card': {}, 'language': 'en', 'response_type': 'action_done', 'data': {'targets': [], 'success': [], 'failed': []}}
2026-03-15 10:57:20 | INFO | Running GLaDOS Responder Agent with user input: Find me the weather forecast. and tool result: The forecast shows rain tomorrow in your location.
2026-03-15 10:57:21 | INFO | Running GLaDOS Responder Agent with user input: Hello, GLaDOS. and tool result: None
2026-03-15 10:57:36 | INFO | Running GLaDOS Responder Agent with user input: Find me the weather forecast. and tool result: The forecast shows rain tomorrow in your location.
2026-03-15 10:57:36 | INFO | Cache hit
2026-03-15 10:57:36 | INFO | Running GLaDOS Responder Agent with user input: Hello, GLaDOS. and tool result: None
2026-03-15 10:57:36 | INFO | Cache hit
2026-03-15 11:36:07 | INFO | ==============================
2026-03-15 11:36:07 | INFO | Running Home Assistant Agent with user query: Turn on the mood lights
2026-03-15 11:36:07 | INFO | Cache hit
2026-03-15 11:36:07 | INFO | Invoking intent: TurnOnMoodLights
2026-03-15 11:36:09 | INFO | Intent invoked successfully: {'speech': {'plain': {'speech': 'Turning on the mood lights.', 'extra_data': None}}, 'card': {}, 'language': 'en', 'response_type': 'action_done', 'data': {'targets': [], 'success': [], 'failed': []}}
2026-03-15 11:37:16 | INFO | ==============================
2026-03-15 11:37:16 | INFO | Running Home Assistant Agent with user query: Turn on the mood lights
2026-03-15 11:37:16 | INFO | Cache hit
2026-03-15 11:37:16 | INFO | Invoking intent: TurnOnMoodLights
2026-03-15 11:37:16 | INFO | Intent invoked successfully: {'speech': {'plain': {'speech': 'Turning on the mood lights.', 'extra_data': None}}, 'card': {}, 'language': 'en', 'response_type': 'action_done', 'data': {'targets': [], 'success': [], 'failed': []}}
2026-03-15 11:44:20 | INFO | User query: 'mood lights on'
2026-03-15 11:44:20 | INFO | Cache miss
2026-03-15 11:44:25 | INFO | ==============================
2026-03-15 11:44:25 | INFO | Running Home Assistant Agent with user query: mood lights on
2026-03-15 11:44:25 | INFO | Cache hit
2026-03-15 11:44:58 | INFO | User query: 'mood lights on'
2026-03-15 11:44:58 | INFO | Cache hit
2026-03-15 11:45:01 | INFO | ==============================
2026-03-15 11:45:01 | INFO | Running Home Assistant Agent with user query: mood lights on
2026-03-15 11:48:33 | INFO | User query: 'mood lights on'
2026-03-15 11:48:33 | INFO | Cache miss
2026-03-15 11:48:34 | INFO | ==============================
2026-03-15 11:48:34 | INFO | Running Home Assistant Agent with user query: mood lights on
2026-03-15 11:50:07 | INFO | User query: 'mood lights on'
2026-03-15 11:50:07 | INFO | Cache hit
2026-03-15 11:50:07 | INFO | ==============================
2026-03-15 11:50:07 | INFO | Running Home Assistant Agent with user query: mood lights on
2026-03-15 11:50:14 | INFO | Cache miss
2026-03-15 11:50:59 | INFO | Invoking intent: TurnOnMoodLights
2026-03-15 11:51:00 | INFO | Intent invoked successfully: {'speech': {'plain': {'speech': 'Turning on the mood lights.', 'extra_data': None}}, 'card': {}, 'language': 'en', 'response_type': 'action_done', 'data': {'targets': [], 'success': [], 'failed': []}}
2026-03-15 11:51:25 | INFO | User query: 'mood lights on'
2026-03-15 11:51:25 | INFO | Cache hit
2026-03-15 11:51:25 | INFO | ==============================
2026-03-15 11:51:25 | INFO | Running Home Assistant Agent with user query: mood lights on
2026-03-15 11:51:32 | INFO | Cache hit
2026-03-15 11:51:40 | INFO | Invoking intent: TurnOnMoodLights
2026-03-15 11:51:41 | INFO | Intent invoked successfully: {'speech': {'plain': {'speech': 'Turning on the mood lights.', 'extra_data': None}}, 'card': {}, 'language': 'en', 'response_type': 'action_done', 'data': {'targets': [], 'success': [], 'failed': []}}
2026-03-15 11:51:53 | INFO | Running GLaDOS Responder Agent with user input: mood lights on and tool result: Turning on the mood lights.
2026-03-15 11:51:53 | INFO | Cache miss
2026-03-15 18:56:01 | INFO | User query: 'what are my pending tasks?'
2026-03-15 18:56:01 | INFO | Cache miss
2026-03-15 18:56:01 | INFO | Processing user input: what are my pending tasks?
2026-03-15 18:56:03 | INFO | Action: get_tasks
2026-03-15 18:56:03 | ERROR | Failed to retrieve tasks: 400 - {"code":2004,"message":"Invalid model provided: Bad Request"}

2026-03-15 18:56:03 | ERROR | Failed to retrieve tasks.
2026-03-15 18:56:03 | INFO | Running GLaDOS Responder Agent with user input: what are my pending tasks? and tool result: {"action":"get_tasks","project_id":null,"title":null,"description":null,"due_date":null}
2026-03-15 18:56:03 | INFO | Cache miss
2026-03-15 19:04:02 | INFO | User query: 'what are my pending tasks?'
2026-03-15 19:04:02 | INFO | Cache hit
2026-03-15 19:04:02 | INFO | Processing user input: what are my pending tasks?
2026-03-15 19:04:04 | INFO | Action: get_tasks
2026-03-15 19:04:04 | INFO | Retrieved tasks: Pending Tasks: 

Aggiungere documenti nuovi ad una base dati gia presente, oltre che creare nuove basi dati - Aggiungere documenti nuovi ad una base dati gia presente, oltre che creare nuove basi dati
Aggiungere risultati del crawler a una base dati gia presente - Per far questo abbiamo stabilito che se il sistema non trova risposta nella base dati selezionata, va prima nella cartella del crawler. Se trova il risultato lo può indicizzare nella sua base dati come fa con storm. Se nemmeno nella cartella del crawler ha trovato nulla, allora va su storm
rhasspy wake word setup - 
translate internally query to english if not in english before using it to retrieve passages - 
aggiungere flag divulgativo netutro dettagliato (per adesso flag dettaglio si/no) - <p></p>
istanze saroglia -> integrare osservazioni nel prompt e aumentare il modello - 
temperatura piu alta per una domanda (colore rosso) - <p></p>
Sfondo bianco - 
Miglioramento Qualità warning - <ol type="1"><li><p>Intervenire sulle cose segnalate nella&nbsp; mail di venerdì 31/10/2025 17:03 con relativo report e in generale su:</p><ol type="a"><li><p>Modifica elenco di condizioni (aggiunta di patologie/condizioni; aggiunta di uso concomitante; reazioni in corso diventa reazioni; cancellare genere, storia pregressa e parametri in corso)</p></li><li><p>Miglioramento precision e recall intervenendo su:</p></li></ol></li></ol><p>&nbsp;&nbsp;&nbsp;&nbsp;&nbsp;&nbsp;&nbsp;&nbsp;&nbsp;&nbsp;&nbsp;&nbsp;&nbsp;&nbsp;&nbsp;&nbsp;&nbsp;&nbsp;&nbsp;&nbsp;&nbsp;&nbsp;&nbsp;&nbsp;&nbsp;&nbsp;&nbsp;&nbsp;&nbsp;&nbsp;&nbsp;&nbsp;&nbsp;&nbsp;&nbsp;&nbsp;&nbsp;&nbsp;&nbsp;&nbsp;&nbsp;&nbsp;&nbsp;&nbsp;&nbsp;&nbsp;&nbsp;&nbsp;&nbsp;&nbsp;&nbsp;&nbsp;&nbsp;&nbsp;&nbsp;i.&nbsp;&nbsp;&nbsp;&nbsp;&nbsp;&nbsp;Evitare effetto kws</p><p>&nbsp;&nbsp;&nbsp;&nbsp;&nbsp;&nbsp;&nbsp;&nbsp;&nbsp;&nbsp;&nbsp;&nbsp;&nbsp;&nbsp;&nbsp;&nbsp;&nbsp;&nbsp;&nbsp;&nbsp;&nbsp;&nbsp;&nbsp;&nbsp;&nbsp;&nbsp;&nbsp;&nbsp;&nbsp;&nbsp;&nbsp;&nbsp;&nbsp;&nbsp;&nbsp;&nbsp;&nbsp;&nbsp;&nbsp;&nbsp;&nbsp;&nbsp;&nbsp;&nbsp;&nbsp;&nbsp;&nbsp;&nbsp;&nbsp;&nbsp;&nbsp;&nbsp;&nbsp;&nbsp;ii.&nbsp;&nbsp;&nbsp;&nbsp;&nbsp;&nbsp;Il passaggio giusto, che c’è sempre, deve diventare sentence</p>
integrare pubmed - <p>scheda add pubmed kb (regex or NL)</p>
Warning text deve rispondere a perchè assumere questo farmaco è un problema? - 
cliccare sul warning setta sia il pdf di medicina che paziente nel viewer - 
integrare nuova versione master sensigrafo - 
arrivare a un buon punto in inglese - 
provare con russo - 
segnalare problemi - 
2026-03-15 19:04:04 | INFO | Running GLaDOS Responder Agent with user input: what are my pending tasks? and tool result: Pending Tasks: 

Aggiungere documenti nuovi ad una base dati gia presente, oltre che creare nuove basi dati - Aggiungere documenti nuovi ad una base dati gia presente, oltre che creare nuove basi dati
Aggiungere risultati del crawler a una base dati gia presente - Per far questo abbiamo stabilito che se il sistema non trova risposta nella base dati selezionata, va prima nella cartella del crawler. Se trova il risultato lo può indicizzare nella sua base dati come fa con storm. Se nemmeno nella cartella del crawler ha trovato nulla, allora va su storm
rhasspy wake word setup - 
translate internally query to english if not in english before using it to retrieve passages - 
aggiungere flag divulgativo netutro dettagliato (per adesso flag dettaglio si/no) - <p></p>
istanze saroglia -> integrare osservazioni nel prompt e aumentare il modello - 
temperatura piu alta per una domanda (colore rosso) - <p></p>
Sfondo bianco - 
Miglioramento Qualità warning - <ol type="1"><li><p>Intervenire sulle cose segnalate nella&nbsp; mail di venerdì 31/10/2025 17:03 con relativo report e in generale su:</p><ol type="a"><li><p>Modifica elenco di condizioni (aggiunta di patologie/condizioni; aggiunta di uso concomitante; reazioni in corso diventa reazioni; cancellare genere, storia pregressa e parametri in corso)</p></li><li><p>Miglioramento precision e recall intervenendo su:</p></li></ol></li></ol><p>&nbsp;&nbsp;&nbsp;&nbsp;&nbsp;&nbsp;&nbsp;&nbsp;&nbsp;&nbsp;&nbsp;&nbsp;&nbsp;&nbsp;&nbsp;&nbsp;&nbsp;&nbsp;&nbsp;&nbsp;&nbsp;&nbsp;&nbsp;&nbsp;&nbsp;&nbsp;&nbsp;&nbsp;&nbsp;&nbsp;&nbsp;&nbsp;&nbsp;&nbsp;&nbsp;&nbsp;&nbsp;&nbsp;&nbsp;&nbsp;&nbsp;&nbsp;&nbsp;&nbsp;&nbsp;&nbsp;&nbsp;&nbsp;&nbsp;&nbsp;&nbsp;&nbsp;&nbsp;&nbsp;&nbsp;i.&nbsp;&nbsp;&nbsp;&nbsp;&nbsp;&nbsp;Evitare effetto kws</p><p>&nbsp;&nbsp;&nbsp;&nbsp;&nbsp;&nbsp;&nbsp;&nbsp;&nbsp;&nbsp;&nbsp;&nbsp;&nbsp;&nbsp;&nbsp;&nbsp;&nbsp;&nbsp;&nbsp;&nbsp;&nbsp;&nbsp;&nbsp;&nbsp;&nbsp;&nbsp;&nbsp;&nbsp;&nbsp;&nbsp;&nbsp;&nbsp;&nbsp;&nbsp;&nbsp;&nbsp;&nbsp;&nbsp;&nbsp;&nbsp;&nbsp;&nbsp;&nbsp;&nbsp;&nbsp;&nbsp;&nbsp;&nbsp;&nbsp;&nbsp;&nbsp;&nbsp;&nbsp;&nbsp;ii.&nbsp;&nbsp;&nbsp;&nbsp;&nbsp;&nbsp;Il passaggio giusto, che c’è sempre, deve diventare sentence</p>
integrare pubmed - <p>scheda add pubmed kb (regex or NL)</p>
Warning text deve rispondere a perchè assumere questo farmaco è un problema? - 
cliccare sul warning setta sia il pdf di medicina che paziente nel viewer - 
integrare nuova versione master sensigrafo - 
arrivare a un buon punto in inglese - 
provare con russo - 
segnalare problemi - 
2026-03-15 19:04:04 | INFO | Cache hit
2026-03-15 19:08:29 | INFO | User query: 'what are my pending tasks?'
2026-03-15 19:08:29 | INFO | Cache miss
2026-03-15 19:08:29 | INFO | Processing user input: what are my pending tasks?
2026-03-15 19:08:31 | INFO | Action: get_tasks
2026-03-15 19:08:31 | INFO | Retrieved tasks: Pending Tasks: 

Aggiungere documenti nuovi ad una base dati gia presente, oltre che creare nuove basi dati - Aggiungere documenti nuovi ad una base dati gia presente, oltre che creare nuove basi dati
Aggiungere risultati del crawler a una base dati gia presente - Per far questo abbiamo stabilito che se il sistema non trova risposta nella base dati selezionata, va prima nella cartella del crawler. Se trova il risultato lo può indicizzare nella sua base dati come fa con storm. Se nemmeno nella cartella del crawler ha trovato nulla, allora va su storm
rhasspy wake word setup - 
translate internally query to english if not in english before using it to retrieve passages - 
aggiungere flag divulgativo netutro dettagliato (per adesso flag dettaglio si/no) - <p></p>
istanze saroglia -> integrare osservazioni nel prompt e aumentare il modello - 
temperatura piu alta per una domanda (colore rosso) - <p></p>
Sfondo bianco - 
Miglioramento Qualità warning - <ol type="1"><li><p>Intervenire sulle cose segnalate nella&nbsp; mail di venerdì 31/10/2025 17:03 con relativo report e in generale su:</p><ol type="a"><li><p>Modifica elenco di condizioni (aggiunta di patologie/condizioni; aggiunta di uso concomitante; reazioni in corso diventa reazioni; cancellare genere, storia pregressa e parametri in corso)</p></li><li><p>Miglioramento precision e recall intervenendo su:</p></li></ol></li></ol><p>&nbsp;&nbsp;&nbsp;&nbsp;&nbsp;&nbsp;&nbsp;&nbsp;&nbsp;&nbsp;&nbsp;&nbsp;&nbsp;&nbsp;&nbsp;&nbsp;&nbsp;&nbsp;&nbsp;&nbsp;&nbsp;&nbsp;&nbsp;&nbsp;&nbsp;&nbsp;&nbsp;&nbsp;&nbsp;&nbsp;&nbsp;&nbsp;&nbsp;&nbsp;&nbsp;&nbsp;&nbsp;&nbsp;&nbsp;&nbsp;&nbsp;&nbsp;&nbsp;&nbsp;&nbsp;&nbsp;&nbsp;&nbsp;&nbsp;&nbsp;&nbsp;&nbsp;&nbsp;&nbsp;&nbsp;i.&nbsp;&nbsp;&nbsp;&nbsp;&nbsp;&nbsp;Evitare effetto kws</p><p>&nbsp;&nbsp;&nbsp;&nbsp;&nbsp;&nbsp;&nbsp;&nbsp;&nbsp;&nbsp;&nbsp;&nbsp;&nbsp;&nbsp;&nbsp;&nbsp;&nbsp;&nbsp;&nbsp;&nbsp;&nbsp;&nbsp;&nbsp;&nbsp;&nbsp;&nbsp;&nbsp;&nbsp;&nbsp;&nbsp;&nbsp;&nbsp;&nbsp;&nbsp;&nbsp;&nbsp;&nbsp;&nbsp;&nbsp;&nbsp;&nbsp;&nbsp;&nbsp;&nbsp;&nbsp;&nbsp;&nbsp;&nbsp;&nbsp;&nbsp;&nbsp;&nbsp;&nbsp;&nbsp;ii.&nbsp;&nbsp;&nbsp;&nbsp;&nbsp;&nbsp;Il passaggio giusto, che c’è sempre, deve diventare sentence</p>
integrare pubmed - <p>scheda add pubmed kb (regex or NL)</p>
Warning text deve rispondere a perchè assumere questo farmaco è un problema? - 
cliccare sul warning setta sia il pdf di medicina che paziente nel viewer - 
integrare nuova versione master sensigrafo - 
arrivare a un buon punto in inglese - 
provare con russo - 
segnalare problemi - 
2026-03-15 19:08:31 | INFO | Running GLaDOS Responder Agent with user input: what are my pending tasks? and tool result: Pending Tasks: 

Aggiungere documenti nuovi ad una base dati gia presente, oltre che creare nuove basi dati - Aggiungere documenti nuovi ad una base dati gia presente, oltre che creare nuove basi dati
Aggiungere risultati del crawler a una base dati gia presente - Per far questo abbiamo stabilito che se il sistema non trova risposta nella base dati selezionata, va prima nella cartella del crawler. Se trova il risultato lo può indicizzare nella sua base dati come fa con storm. Se nemmeno nella cartella del crawler ha trovato nulla, allora va su storm
rhasspy wake word setup - 
translate internally query to english if not in english before using it to retrieve passages - 
aggiungere flag divulgativo netutro dettagliato (per adesso flag dettaglio si/no) - <p></p>
istanze saroglia -> integrare osservazioni nel prompt e aumentare il modello - 
temperatura piu alta per una domanda (colore rosso) - <p></p>
Sfondo bianco - 
Miglioramento Qualità warning - <ol type="1"><li><p>Intervenire sulle cose segnalate nella&nbsp; mail di venerdì 31/10/2025 17:03 con relativo report e in generale su:</p><ol type="a"><li><p>Modifica elenco di condizioni (aggiunta di patologie/condizioni; aggiunta di uso concomitante; reazioni in corso diventa reazioni; cancellare genere, storia pregressa e parametri in corso)</p></li><li><p>Miglioramento precision e recall intervenendo su:</p></li></ol></li></ol><p>&nbsp;&nbsp;&nbsp;&nbsp;&nbsp;&nbsp;&nbsp;&nbsp;&nbsp;&nbsp;&nbsp;&nbsp;&nbsp;&nbsp;&nbsp;&nbsp;&nbsp;&nbsp;&nbsp;&nbsp;&nbsp;&nbsp;&nbsp;&nbsp;&nbsp;&nbsp;&nbsp;&nbsp;&nbsp;&nbsp;&nbsp;&nbsp;&nbsp;&nbsp;&nbsp;&nbsp;&nbsp;&nbsp;&nbsp;&nbsp;&nbsp;&nbsp;&nbsp;&nbsp;&nbsp;&nbsp;&nbsp;&nbsp;&nbsp;&nbsp;&nbsp;&nbsp;&nbsp;&nbsp;&nbsp;i.&nbsp;&nbsp;&nbsp;&nbsp;&nbsp;&nbsp;Evitare effetto kws</p><p>&nbsp;&nbsp;&nbsp;&nbsp;&nbsp;&nbsp;&nbsp;&nbsp;&nbsp;&nbsp;&nbsp;&nbsp;&nbsp;&nbsp;&nbsp;&nbsp;&nbsp;&nbsp;&nbsp;&nbsp;&nbsp;&nbsp;&nbsp;&nbsp;&nbsp;&nbsp;&nbsp;&nbsp;&nbsp;&nbsp;&nbsp;&nbsp;&nbsp;&nbsp;&nbsp;&nbsp;&nbsp;&nbsp;&nbsp;&nbsp;&nbsp;&nbsp;&nbsp;&nbsp;&nbsp;&nbsp;&nbsp;&nbsp;&nbsp;&nbsp;&nbsp;&nbsp;&nbsp;&nbsp;ii.&nbsp;&nbsp;&nbsp;&nbsp;&nbsp;&nbsp;Il passaggio giusto, che c’è sempre, deve diventare sentence</p>
integrare pubmed - <p>scheda add pubmed kb (regex or NL)</p>
Warning text deve rispondere a perchè assumere questo farmaco è un problema? - 
cliccare sul warning setta sia il pdf di medicina che paziente nel viewer - 
integrare nuova versione master sensigrafo - 
arrivare a un buon punto in inglese - 
provare con russo - 
segnalare problemi - 
2026-03-15 19:08:31 | INFO | Cache miss
2026-03-15 19:10:57 | INFO | User query: 'what are my pending tasks?'
2026-03-15 19:10:57 | INFO | Cache hit
2026-03-15 19:10:57 | INFO | Processing user input: what are my pending tasks?
2026-03-15 19:10:58 | INFO | Action: get_tasks
2026-03-15 19:10:59 | INFO | Retrieved tasks: Pending Tasks: 

Aggiungere documenti nuovi ad una base dati gia presente, oltre che creare nuove basi dati - Aggiungere documenti nuovi ad una base dati gia presente, oltre che creare nuove basi dati
Aggiungere risultati del crawler a una base dati gia presente - Per far questo abbiamo stabilito che se il sistema non trova risposta nella base dati selezionata, va prima nella cartella del crawler. Se trova il risultato lo può indicizzare nella sua base dati come fa con storm. Se nemmeno nella cartella del crawler ha trovato nulla, allora va su storm
rhasspy wake word setup - 
translate internally query to english if not in english before using it to retrieve passages - 
aggiungere flag divulgativo netutro dettagliato (per adesso flag dettaglio si/no) - <p></p>
istanze saroglia -> integrare osservazioni nel prompt e aumentare il modello - 
temperatura piu alta per una domanda (colore rosso) - <p></p>
Sfondo bianco - 
Miglioramento Qualità warning - <ol type="1"><li><p>Intervenire sulle cose segnalate nella&nbsp; mail di venerdì 31/10/2025 17:03 con relativo report e in generale su:</p><ol type="a"><li><p>Modifica elenco di condizioni (aggiunta di patologie/condizioni; aggiunta di uso concomitante; reazioni in corso diventa reazioni; cancellare genere, storia pregressa e parametri in corso)</p></li><li><p>Miglioramento precision e recall intervenendo su:</p></li></ol></li></ol><p>&nbsp;&nbsp;&nbsp;&nbsp;&nbsp;&nbsp;&nbsp;&nbsp;&nbsp;&nbsp;&nbsp;&nbsp;&nbsp;&nbsp;&nbsp;&nbsp;&nbsp;&nbsp;&nbsp;&nbsp;&nbsp;&nbsp;&nbsp;&nbsp;&nbsp;&nbsp;&nbsp;&nbsp;&nbsp;&nbsp;&nbsp;&nbsp;&nbsp;&nbsp;&nbsp;&nbsp;&nbsp;&nbsp;&nbsp;&nbsp;&nbsp;&nbsp;&nbsp;&nbsp;&nbsp;&nbsp;&nbsp;&nbsp;&nbsp;&nbsp;&nbsp;&nbsp;&nbsp;&nbsp;&nbsp;i.&nbsp;&nbsp;&nbsp;&nbsp;&nbsp;&nbsp;Evitare effetto kws</p><p>&nbsp;&nbsp;&nbsp;&nbsp;&nbsp;&nbsp;&nbsp;&nbsp;&nbsp;&nbsp;&nbsp;&nbsp;&nbsp;&nbsp;&nbsp;&nbsp;&nbsp;&nbsp;&nbsp;&nbsp;&nbsp;&nbsp;&nbsp;&nbsp;&nbsp;&nbsp;&nbsp;&nbsp;&nbsp;&nbsp;&nbsp;&nbsp;&nbsp;&nbsp;&nbsp;&nbsp;&nbsp;&nbsp;&nbsp;&nbsp;&nbsp;&nbsp;&nbsp;&nbsp;&nbsp;&nbsp;&nbsp;&nbsp;&nbsp;&nbsp;&nbsp;&nbsp;&nbsp;&nbsp;ii.&nbsp;&nbsp;&nbsp;&nbsp;&nbsp;&nbsp;Il passaggio giusto, che c’è sempre, deve diventare sentence</p>
integrare pubmed - <p>scheda add pubmed kb (regex or NL)</p>
Warning text deve rispondere a perchè assumere questo farmaco è un problema? - 
cliccare sul warning setta sia il pdf di medicina che paziente nel viewer - 
integrare nuova versione master sensigrafo - 
arrivare a un buon punto in inglese - 
provare con russo - 
segnalare problemi - 
2026-03-15 19:10:59 | INFO | Running GLaDOS Responder Agent with user input: what are my pending tasks? and tool result: Pending Tasks: 

Aggiungere documenti nuovi ad una base dati gia presente, oltre che creare nuove basi dati - Aggiungere documenti nuovi ad una base dati gia presente, oltre che creare nuove basi dati
Aggiungere risultati del crawler a una base dati gia presente - Per far questo abbiamo stabilito che se il sistema non trova risposta nella base dati selezionata, va prima nella cartella del crawler. Se trova il risultato lo può indicizzare nella sua base dati come fa con storm. Se nemmeno nella cartella del crawler ha trovato nulla, allora va su storm
rhasspy wake word setup - 
translate internally query to english if not in english before using it to retrieve passages - 
aggiungere flag divulgativo netutro dettagliato (per adesso flag dettaglio si/no) - <p></p>
istanze saroglia -> integrare osservazioni nel prompt e aumentare il modello - 
temperatura piu alta per una domanda (colore rosso) - <p></p>
Sfondo bianco - 
Miglioramento Qualità warning - <ol type="1"><li><p>Intervenire sulle cose segnalate nella&nbsp; mail di venerdì 31/10/2025 17:03 con relativo report e in generale su:</p><ol type="a"><li><p>Modifica elenco di condizioni (aggiunta di patologie/condizioni; aggiunta di uso concomitante; reazioni in corso diventa reazioni; cancellare genere, storia pregressa e parametri in corso)</p></li><li><p>Miglioramento precision e recall intervenendo su:</p></li></ol></li></ol><p>&nbsp;&nbsp;&nbsp;&nbsp;&nbsp;&nbsp;&nbsp;&nbsp;&nbsp;&nbsp;&nbsp;&nbsp;&nbsp;&nbsp;&nbsp;&nbsp;&nbsp;&nbsp;&nbsp;&nbsp;&nbsp;&nbsp;&nbsp;&nbsp;&nbsp;&nbsp;&nbsp;&nbsp;&nbsp;&nbsp;&nbsp;&nbsp;&nbsp;&nbsp;&nbsp;&nbsp;&nbsp;&nbsp;&nbsp;&nbsp;&nbsp;&nbsp;&nbsp;&nbsp;&nbsp;&nbsp;&nbsp;&nbsp;&nbsp;&nbsp;&nbsp;&nbsp;&nbsp;&nbsp;&nbsp;i.&nbsp;&nbsp;&nbsp;&nbsp;&nbsp;&nbsp;Evitare effetto kws</p><p>&nbsp;&nbsp;&nbsp;&nbsp;&nbsp;&nbsp;&nbsp;&nbsp;&nbsp;&nbsp;&nbsp;&nbsp;&nbsp;&nbsp;&nbsp;&nbsp;&nbsp;&nbsp;&nbsp;&nbsp;&nbsp;&nbsp;&nbsp;&nbsp;&nbsp;&nbsp;&nbsp;&nbsp;&nbsp;&nbsp;&nbsp;&nbsp;&nbsp;&nbsp;&nbsp;&nbsp;&nbsp;&nbsp;&nbsp;&nbsp;&nbsp;&nbsp;&nbsp;&nbsp;&nbsp;&nbsp;&nbsp;&nbsp;&nbsp;&nbsp;&nbsp;&nbsp;&nbsp;&nbsp;ii.&nbsp;&nbsp;&nbsp;&nbsp;&nbsp;&nbsp;Il passaggio giusto, che c’è sempre, deve diventare sentence</p>
integrare pubmed - <p>scheda add pubmed kb (regex or NL)</p>
Warning text deve rispondere a perchè assumere questo farmaco è un problema? - 
cliccare sul warning setta sia il pdf di medicina che paziente nel viewer - 
integrare nuova versione master sensigrafo - 
arrivare a un buon punto in inglese - 
provare con russo - 
segnalare problemi - 
2026-03-15 19:10:59 | INFO | Cache hit
